/.html                (Status: 403) [Size: 275]
/.php                 (Status: 403) [Size: 275]
/.html.html           (Status: 403) [Size: 275]
/index.html           (Status: 200) [Size: 5344]
/.htm                 (Status: 403) [Size: 275]
/.htm.html            (Status: 403) [Size: 275]
/.                    (Status: 200) [Size: 5344]
/.htaccess            (Status: 403) [Size: 275]
/.htaccess.html       (Status: 403) [Size: 275]
/.phtml               (Status: 403) [Size: 275]
/.htc.html            (Status: 403) [Size: 275]
/.htc                 (Status: 403) [Size: 275]
/.html_var_DE         (Status: 403) [Size: 275]
/.html_var_DE.html    (Status: 403) [Size: 275]
/server-status        (Status: 403) [Size: 275]
/.htpasswd            (Status: 403) [Size: 275]
/.htpasswd.html       (Status: 403) [Size: 275]
/.html.               (Status: 403) [Size: 275]
/.html..html          (Status: 403) [Size: 275]
/.html.html           (Status: 403) [Size: 275]
/.html.html.html      (Status: 403) [Size: 275]
/.htpasswds           (Status: 403) [Size: 275]
/.htpasswds.html      (Status: 403) [Size: 275]
/.htm.                (Status: 403) [Size: 275]
/.htm..html           (Status: 403) [Size: 275]
/.htmll               (Status: 403) [Size: 275]
/.htmll.html          (Status: 403) [Size: 275]
/.phps                (Status: 403) [Size: 275]
/.html.old            (Status: 403) [Size: 275]
/.html.old.html       (Status: 403) [Size: 275]
/.ht                  (Status: 403) [Size: 275]
/.html.bak            (Status: 403) [Size: 275]
/.ht.html             (Status: 403) [Size: 275]
/.html.bak.html       (Status: 403) [Size: 275]
/.htm.htm             (Status: 403) [Size: 275]
/.htm.htm.html        (Status: 403) [Size: 275]
/.htgroup             (Status: 403) [Size: 275]
/.hta                 (Status: 403) [Size: 275]
/.html1               (Status: 403) [Size: 275]
/.htgroup.html        (Status: 403) [Size: 275]
/.hta.html            (Status: 403) [Size: 275]
/.html1.html          (Status: 403) [Size: 275]
/.html.LCK            (Status: 403) [Size: 275]
/.html.LCK.html       (Status: 403) [Size: 275]
/.html.printable      (Status: 403) [Size: 275]
/.html.printable.html (Status: 403) [Size: 275]
/.htm.LCK             (Status: 403) [Size: 275]
/.htm.LCK.html        (Status: 403) [Size: 275]
/.htaccess.bak        (Status: 403) [Size: 275]
/.html.php            (Status: 403) [Size: 275]
/.htx                 (Status: 403) [Size: 275]
/.htmls               (Status: 403) [Size: 275]
/.htaccess.bak.html   (Status: 403) [Size: 275]
/.html.php.html       (Status: 403) [Size: 275]
/.htx.html            (Status: 403) [Size: 275]
/.htmls.html          (Status: 403) [Size: 275]
/.htlm                (Status: 403) [Size: 275]
/.html-.html          (Status: 403) [Size: 275]
/.htm2.html           (Status: 403) [Size: 275]
/.htuser              (Status: 403) [Size: 275]
/.htm2                (Status: 403) [Size: 275]
/.htuser.html         (Status: 403) [Size: 275]
/.htlm.html           (Status: 403) [Size: 275]
/.html-               (Status: 403) [Size: 275]
