/_app_bin             (Status: 301) [Size: 151] [--> http://10.10.10.59/_app_bin/]
/_layouts             (Status: 301) [Size: 151] [--> http://10.10.10.59/_layouts/]
/_layouts/1033        (Status: 301) [Size: 156] [--> http://10.10.10.59/_layouts/1033/]
/_controltemplates    (Status: 301) [Size: 160] [--> http://10.10.10.59/_controltemplates/]
/_layouts/1033/avreport.htm (Status: 200) [Size: 7478]
/_layouts/1033/error.htm (Status: 200) [Size: 5497]
/_layouts/1033/filedlg.htm (Status: 200) [Size: 5767]
/_layouts/1033/fontdlg.htm (Status: 200) [Size: 3123]
/_layouts/1033/images (Status: 301) [Size: 163] [--> http://10.10.10.59/_layouts/1033/images/]
/_layouts/1033/instable.htm (Status: 200) [Size: 4169]
/_layouts/1033/iframe.htm (Status: 200) [Size: 430]
/_layouts/1033/menubar.htc (Status: 200) [Size: 13957]
/_layouts/1033/menu.htc (Status: 200) [Size: 21817]
/_layouts/1033/selcolor.htm (Status: 200) [Size: 12165]
/_layouts/1033/spthemes.xsd (Status: 200) [Size: 1150]
/_layouts/1033/spthemes.xml (Status: 200) [Size: 5541]
/_layouts/aclinv.aspx (Status: 302) [Size: 141] [--> /_layouts/15/aclinv.aspx]
/_layouts/accessdenied.aspx (Status: 302) [Size: 147] [--> /_layouts/15/accessdenied.aspx]
/_layouts/addcontenttypetolist.aspx (Status: 302) [Size: 155] [--> /_layouts/15/addcontenttypetolist.aspx]
/_layouts/addfieldfromtemplate.aspx (Status: 302) [Size: 155] [--> /_layouts/15/addfieldfromtemplate.aspx]
/_layouts/addrole.aspx (Status: 302) [Size: 142] [--> /_layouts/15/addrole.aspx]
/_layouts/adminrecyclebin.aspx (Status: 302) [Size: 150] [--> /_layouts/15/adminrecyclebin.aspx]
/_layouts/advsetng.aspx (Status: 302) [Size: 143] [--> /_layouts/15/advsetng.aspx]
/_layouts/approve.aspx (Status: 302) [Size: 142] [--> /_layouts/15/approve.aspx]
/_layouts/addwrkfl.aspx (Status: 302) [Size: 143] [--> /_layouts/15/addwrkfl.aspx]
/_layouts/aspxform.aspx (Status: 302) [Size: 143] [--> /_layouts/15/aspxform.aspx]
/_layouts/areacachesettings.aspx (Status: 200) [Size: 8727]
/_layouts/addservernamemappings.aspx (Status: 200) [Size: 8731]
/_layouts/areanavigationsettings.aspx (Status: 200) [Size: 8732]
/_layouts/addcontentsource.aspx (Status: 200) [Size: 8726]
/_layouts/addfiletype.aspx (Status: 200) [Size: 8721]
/_layouts/addnavigationlinkdialog.aspx (Status: 200) [Size: 8733]
/_layouts/areawelcomepage.aspx (Status: 200) [Size: 8725]
/_layouts/assetedithyperlink.aspx (Status: 200) [Size: 8728]
/_layouts/areatemplatesettings.aspx (Status: 200) [Size: 8730]
/_layouts/associatedgroups.aspx (Status: 302) [Size: 151] [--> /_layouts/15/associatedgroups.aspx]
/_layouts/assetimagepicker.aspx (Status: 200) [Size: 8726]
/_layouts/assocwrkfl.aspx (Status: 302) [Size: 145] [--> /_layouts/15/assocwrkfl.aspx]
/_layouts/audience_main.aspx (Status: 200) [Size: 8723]
/_layouts/audience_defruleedit.aspx (Status: 200) [Size: 8730]
/_layouts/audience_list.aspx (Status: 200) [Size: 8723]
/_layouts/audience_edit.aspx (Status: 200) [Size: 8723]
/_layouts/audience_memberlist.aspx (Status: 200) [Size: 8729]
/_layouts/assetportalbrowser.aspx (Status: 200) [Size: 8728]
/_layouts/assetuploader.aspx (Status: 200) [Size: 8723]
/_layouts/authenticate.aspx (Status: 302) [Size: 147] [--> /_layouts/15/authenticate.aspx]
/_layouts/avreport.aspx (Status: 302) [Size: 143] [--> /_layouts/15/avreport.aspx]
/_layouts/audience_sched.aspx (Status: 200) [Size: 8724]
/_layouts/bdcadminui/addbdcapplication.aspx (Status: 200) [Size: 8746]
/_layouts/barcodeimagefromitem.aspx (Status: 200) [Size: 8730]
/_layouts/audience_view.aspx (Status: 200) [Size: 8723]
/_layouts/bdcadminui/bdcapplications.aspx (Status: 200) [Size: 8744]
/_layouts/auditsettings.aspx (Status: 200) [Size: 8723]
/_layouts/bdcadminui/addbdcaction.aspx (Status: 200) [Size: 8741]
/_layouts/backlinks.aspx (Status: 302) [Size: 144] [--> /_layouts/15/backlinks.aspx]
/_layouts/bdcadminui/bdcentities.aspx (Status: 200) [Size: 8740]
/_layouts/bestbet.aspx (Status: 302) [Size: 142] [--> /_layouts/15/bestbet.aspx]
/_layouts/bpcf.aspx   (Status: 302) [Size: 139] [--> /_layouts/15/bpcf.aspx]
/_layouts/businessdatasynchronizer.aspx (Status: 302) [Size: 159] [--> /_layouts/15/businessdatasynchronizer.aspx]
/_layouts/bdcadminui/managepermissions.aspx (Status: 200) [Size: 8746]
/_layouts/bdcadminui/viewbdcapplication.aspx (Status: 200) [Size: 8747]
/_layouts/bulkwrktaskip.aspx (Status: 200) [Size: 8723]
/_layouts/bulkwrktaskhandler.aspx (Status: 200) [Size: 8728]
/_layouts/changecontenttypeoptionalsettings.aspx (Status: 302) [Size: 168] [--> /_layouts/15/changecontenttypeoptionalsettings.aspx]
/_layouts/changefieldorder.aspx (Status: 302) [Size: 151] [--> /_layouts/15/changefieldorder.aspx]
/_layouts/changecontenttypeorder.aspx (Status: 302) [Size: 157] [--> /_layouts/15/changecontenttypeorder.aspx]
/_layouts/bdcadminui/editbdcaction.aspx (Status: 200) [Size: 8742]
/_layouts/bdcadminui/exportbdcapplication.aspx (Status: 200) [Size: 8749]
/_layouts/bdcadminui/viewbdcentity.aspx (Status: 200) [Size: 8742]
/_layouts/category.aspx (Status: 302) [Size: 143] [--> /_layouts/15/category.aspx]
/_layouts/confirmation.aspx (Status: 302) [Size: 147] [--> /_layouts/15/confirmation.aspx]
/_layouts/conngps.aspx (Status: 302) [Size: 142] [--> /_layouts/15/conngps.aspx]
/_layouts/checkin.aspx (Status: 302) [Size: 142] [--> /_layouts/15/checkin.aspx]
/_layouts/containerpicker.aspx (Status: 302) [Size: 150] [--> /_layouts/15/containerpicker.aspx]
/_layouts/cmsslwpsortlinks.aspx (Status: 200) [Size: 8726]
/_layouts/cmsslwpaddeditlink.aspx (Status: 200) [Size: 8728]
/_layouts/copyresults.aspx (Status: 302) [Size: 146] [--> /_layouts/15/copyresults.aspx]
/_layouts/contentaccessaccount.aspx (Status: 200) [Size: 8730]
/_layouts/copy.aspx   (Status: 302) [Size: 139] [--> /_layouts/15/copy.aspx]
/_layouts/cmsslwpaddeditgroup.aspx (Status: 200) [Size: 8729]
/_layouts/cmsslwpeditview.aspx (Status: 200) [Size: 8725]
/_layouts/changesitemasterpage.aspx (Status: 200) [Size: 8730]
/_layouts/convertersettings.aspx (Status: 200) [Size: 8727]
/_layouts/contenttypeconvertersettings.aspx (Status: 200) [Size: 8738]
/_layouts/copyrole.aspx (Status: 302) [Size: 143] [--> /_layouts/15/copyrole.aspx]
/_layouts/crawledproperty.aspx (Status: 302) [Size: 150] [--> /_layouts/15/crawledproperty.aspx]
/_layouts/copyutil.aspx (Status: 302) [Size: 143] [--> /_layouts/15/copyutil.aspx]
/_layouts/createws.aspx (Status: 302) [Size: 143] [--> /_layouts/15/createws.aspx]
/_layouts/create.aspx (Status: 302) [Size: 141] [--> /_layouts/15/create.aspx]
/_layouts/createadaccount.aspx (Status: 302) [Size: 150] [--> /_layouts/15/createadaccount.aspx]
/_layouts/createwebpage.aspx (Status: 302) [Size: 148] [--> /_layouts/15/createwebpage.aspx]
/_layouts/deletemu.aspx (Status: 302) [Size: 143] [--> /_layouts/15/deletemu.aspx]
/_layouts/deactivatefeature.aspx (Status: 302) [Size: 152] [--> /_layouts/15/deactivatefeature.aspx]
/_layouts/ctypenew.aspx (Status: 302) [Size: 143] [--> /_layouts/15/ctypenew.aspx]
/_layouts/ctypedit.aspx (Status: 302) [Size: 143] [--> /_layouts/15/ctypedit.aspx]
/_layouts/cstwrkflip.aspx (Status: 200) [Size: 8720]
/_layouts/createpage.aspx (Status: 200) [Size: 8720]
/_layouts/customizereport.aspx (Status: 200) [Size: 8725]
/_layouts/createworkbook.aspx (Status: 200) [Size: 8724]
/_layouts/ctdmsettings.aspx (Status: 200) [Size: 8722]
/_layouts/download.aspx (Status: 302) [Size: 143] [--> /_layouts/15/download.aspx]
/_layouts/editcopyinformation.aspx (Status: 302) [Size: 154] [--> /_layouts/15/editcopyinformation.aspx]
/_layouts/doctrans.aspx (Status: 302) [Size: 143] [--> /_layouts/15/doctrans.aspx]
/_layouts/discbar.aspx (Status: 302) [Size: 142] [--> /_layouts/15/discbar.aspx]
/_layouts/deleteweb.aspx (Status: 302) [Size: 144] [--> /_layouts/15/deleteweb.aspx]
/_layouts/dws.aspx    (Status: 302) [Size: 138] [--> /_layouts/15/dws.aspx]
/_layouts/editcontentsource.aspx (Status: 200) [Size: 8727]
/_layouts/dynamicimageprovider.aspx (Status: 200) [Size: 8730]
/_layouts/dmplaceholder.aspx (Status: 200) [Size: 8723]
/_layouts/editgrp.aspx (Status: 302) [Size: 142] [--> /_layouts/15/editgrp.aspx]
/_layouts/dladvopt.aspx (Status: 302) [Size: 143] [--> /_layouts/15/dladvopt.aspx]
/_layouts/editnav.aspx (Status: 302) [Size: 142] [--> /_layouts/15/editnav.aspx]
/_layouts/editprms.aspx (Status: 302) [Size: 143] [--> /_layouts/15/editprms.aspx]
/_layouts/editrole.aspx (Status: 302) [Size: 143] [--> /_layouts/15/editrole.aspx]
/_layouts/editpropertynames.aspx (Status: 200) [Size: 8727]
/_layouts/editdsserver.aspx (Status: 200) [Size: 8722]
/_layouts/editprofile.aspx (Status: 200) [Size: 8721]
/_layouts/editcrawlrule.aspx (Status: 200) [Size: 8723]
/_layouts/editpolicy.aspx (Status: 200) [Size: 8720]
/_layouts/editproperty.aspx (Status: 200) [Size: 8722]
/_layouts/editschedule.aspx (Status: 200) [Size: 8722]
/_layouts/editpropertynames2.aspx (Status: 200) [Size: 8728]
/_layouts/editrelevancesettings.aspx (Status: 200) [Size: 8731]
/_layouts/emaildetails.aspx (Status: 302) [Size: 147] [--> /_layouts/15/emaildetails.aspx]
/_layouts/editview.aspx (Status: 302) [Size: 143] [--> /_layouts/15/editview.aspx]
/_layouts/emailsettings.aspx (Status: 302) [Size: 148] [--> /_layouts/15/emailsettings.aspx]
/_layouts/editsection.aspx (Status: 200) [Size: 8721]
/_layouts/enablealerts.aspx (Status: 200) [Size: 8722]
/_layouts/error.aspx  (Status: 302) [Size: 140] [--> /_layouts/15/error.aspx]
/_layouts/enhancedsearch.aspx (Status: 302) [Size: 149] [--> /_layouts/15/enhancedsearch.aspx]
/_layouts/ewrfilter.aspx (Status: 200) [Size: 8719]
/_layouts/ewrfind.aspx (Status: 200) [Size: 8717]
/_layouts/ewrpredialog.aspx (Status: 200) [Size: 8722]
/_layouts/excelserversafedataproviders.aspx (Status: 200) [Size: 8738]
/_layouts/excelservertrusteddcl.aspx (Status: 200) [Size: 8731]
/_layouts/ewrtop10.aspx (Status: 200) [Size: 8718]
/_layouts/excelcellpicker.aspx (Status: 200) [Size: 8725]
/_layouts/excelrenderer.aspx (Status: 200) [Size: 8723]
/_layouts/ewrcustomfilter.aspx (Status: 200) [Size: 8725]
/_layouts/excelserversettings.aspx (Status: 200) [Size: 8729]
/_layouts/excelserversafedataprovider.aspx (Status: 200) [Size: 8737]
/_layouts/excelprofilepage.aspx (Status: 200) [Size: 8726]
/_layouts/filter.aspx (Status: 302) [Size: 141] [--> /_layouts/15/filter.aspx]
/_layouts/filtervaluespickerdialog.aspx (Status: 302) [Size: 159] [--> /_layouts/15/filtervaluespickerdialog.aspx]
/_layouts/excelservertrusteddcls.aspx (Status: 200) [Size: 8732]
/_layouts/feed.aspx   (Status: 200) [Size: 8714]
/_layouts/excelservertrustedlocations.aspx (Status: 200) [Size: 8737]
/_layouts/exportpolicy.aspx (Status: 200) [Size: 8722]
/_layouts/excelserveruserdefinedfunction.aspx (Status: 200) [Size: 8740]
/_layouts/exemptpolicy.aspx (Status: 200) [Size: 8722]
/_layouts/excelserveruserdefinedfunctions.aspx (Status: 200) [Size: 8741]
/_layouts/excelservertrustedlocation.aspx (Status: 200) [Size: 8736]
/_layouts/fldnewex.aspx (Status: 302) [Size: 143] [--> /_layouts/15/fldnewex.aspx]
/_layouts/fldnew.aspx (Status: 302) [Size: 141] [--> /_layouts/15/fldnew.aspx]
/_layouts/fldeditex.aspx (Status: 302) [Size: 144] [--> /_layouts/15/fldeditex.aspx]
/_layouts/formedt.aspx (Status: 302) [Size: 142] [--> /_layouts/15/formedt.aspx]
/_layouts/formresource.aspx (Status: 200) [Size: 8722]
/_layouts/folders.aspx (Status: 200) [Size: 8717]
/_layouts/formserverattachments.aspx (Status: 200) [Size: 8731]
/_layouts/formserver.aspx (Status: 200) [Size: 8720]
/_layouts/fldpick.aspx (Status: 302) [Size: 142] [--> /_layouts/15/fldpick.aspx]
/_layouts/fldedit.aspx (Status: 302) [Size: 142] [--> /_layouts/15/fldedit.aspx]
/_layouts/helpcontent.aspx (Status: 302) [Size: 146] [--> /_layouts/15/helpcontent.aspx]
/_layouts/gear.aspx   (Status: 302) [Size: 139] [--> /_layouts/15/gear.aspx]
/_layouts/genericpicker.aspx (Status: 302) [Size: 148] [--> /_layouts/15/genericpicker.aspx]
/_layouts/groups.aspx (Status: 302) [Size: 141] [--> /_layouts/15/groups.aspx]
/_layouts/help.aspx   (Status: 302) [Size: 139] [--> /_layouts/15/help.aspx]
/_layouts/helpsearch.aspx (Status: 302) [Size: 145] [--> /_layouts/15/helpsearch.aspx]
/_layouts/htmledit.aspx (Status: 302) [Size: 143] [--> /_layouts/15/htmledit.aspx]
/_layouts/htmltranslate.aspx (Status: 302) [Size: 148] [--> /_layouts/15/htmltranslate.aspx]
/_layouts/getsspscopes.aspx (Status: 200) [Size: 8722]
/_layouts/htmltrredir.aspx (Status: 302) [Size: 146] [--> /_layouts/15/htmltrredir.aspx]
/_layouts/formserverdetector.aspx (Status: 200) [Size: 8728]
/_layouts/getssploginfo.aspx (Status: 200) [Size: 8723]
/_layouts/getsspstatus.aspx (Status: 200) [Size: 8722]
/_layouts/getdataconnectionfile.aspx (Status: 200) [Size: 8731]
/_layouts/holdreport.aspx (Status: 200) [Size: 8720]
/_layouts/iframe.aspx (Status: 302) [Size: 141] [--> /_layouts/15/iframe.aspx]
/_layouts/hold.aspx   (Status: 200) [Size: 8714]
/_layouts/irmrept.aspx (Status: 302) [Size: 142] [--> /_layouts/15/irmrept.aspx]
/_layouts/infopage.aspx (Status: 302) [Size: 143] [--> /_layouts/15/infopage.aspx]
/_layouts/irm.aspx    (Status: 302) [Size: 138] [--> /_layouts/15/irm.aspx]
/_layouts/images/     (Status: 403) [Size: 0]
/_layouts/htmltrverify.aspx (Status: 302) [Size: 147] [--> /_layouts/15/htmltrverify.aspx]
/_layouts/itemrwfassoc.aspx (Status: 302) [Size: 147] [--> /_layouts/15/itemrwfassoc.aspx]
/_layouts/indxcol.aspx (Status: 302) [Size: 142] [--> /_layouts/15/indxcol.aspx]
/_layouts/keyword.aspx (Status: 302) [Size: 142] [--> /_layouts/15/keyword.aspx]
/_layouts/listedit.aspx (Status: 302) [Size: 143] [--> /_layouts/15/listedit.aspx]
/_layouts/listfeed.aspx (Status: 302) [Size: 143] [--> /_layouts/15/listfeed.aspx]
/_layouts/listgeneralsettings.aspx (Status: 302) [Size: 154] [--> /_layouts/15/listgeneralsettings.aspx]
/_layouts/iniwrkflip.aspx (Status: 200) [Size: 8720]
/_layouts/importpolicy.aspx (Status: 200) [Size: 8722]
/_layouts/linkscheckerwiz.aspx (Status: 200) [Size: 8725]
/_layouts/iviewhost.aspx (Status: 200) [Size: 8719]
/_layouts/listcontentsources.aspx (Status: 200) [Size: 8728]
/_layouts/labelimage.aspx (Status: 200) [Size: 8720]
/_layouts/linkschecker.aspx (Status: 200) [Size: 8722]
/_layouts/listenabletargeting.aspx (Status: 200) [Size: 8729]
/_layouts/listkeywords.aspx (Status: 302) [Size: 147] [--> /_layouts/15/listkeywords.aspx]
/_layouts/login.aspx  (Status: 302) [Size: 140] [--> /_layouts/15/login.aspx]
/_layouts/listsyndication.aspx (Status: 302) [Size: 150] [--> /_layouts/15/listsyndication.aspx]
/_layouts/managecheckedoutfiles.aspx (Status: 302) [Size: 156] [--> /_layouts/15/managecheckedoutfiles.aspx]
/_layouts/lstsetng.aspx (Status: 302) [Size: 143] [--> /_layouts/15/lstsetng.aspx]
/_layouts/listservernamemappings.aspx (Status: 200) [Size: 8732]
/_layouts/logviewer.aspx (Status: 200) [Size: 8719]
/_layouts/longrunningoperationprogress.aspx (Status: 200) [Size: 8738]
/_layouts/lroperationstatus.aspx (Status: 200) [Size: 8727]
/_layouts/logsummary.aspx (Status: 200) [Size: 8720]
/_layouts/managecontenttype.aspx (Status: 302) [Size: 152] [--> /_layouts/15/managecontenttype.aspx]
/_layouts/managecopies.aspx (Status: 302) [Size: 147] [--> /_layouts/15/managecopies.aspx]
/_layouts/managefeatures.aspx?scope=site (Status: 302) [Size: 160] [--> /_layouts/15/managefeatures.aspx?scope=site]
/_layouts/managefeatures.aspx (Status: 302) [Size: 149] [--> /_layouts/15/managefeatures.aspx]
/_layouts/managedproperty.aspx (Status: 302) [Size: 150] [--> /_layouts/15/managedproperty.aspx]
/_layouts/managefiletypes.aspx (Status: 200) [Size: 8725]
/_layouts/metaweblog.aspx (Status: 302) [Size: 145] [--> /_layouts/15/metaweblog.aspx]
/_layouts/mcontent.aspx (Status: 302) [Size: 143] [--> /_layouts/15/mcontent.aspx]
/_layouts/managecontenttypefield.aspx (Status: 302) [Size: 157] [--> /_layouts/15/managecontenttypefield.aspx]
/_layouts/manageservicepermissions.aspx (Status: 200) [Size: 8734]
/_layouts/manageitemscheduling.aspx (Status: 200) [Size: 8730]
/_layouts/manageprivacypolicy.aspx (Status: 200) [Size: 8729]
/_layouts/mgrdsserver.aspx (Status: 200) [Size: 8721]
/_layouts/managecrawlrules.aspx (Status: 200) [Size: 8726]
/_layouts/matchingrule.aspx (Status: 302) [Size: 147] [--> /_layouts/15/matchingrule.aspx]
/_layouts/mobile/delete.aspx (Status: 302) [Size: 166] [--> http://10.10.10.59/_layouts/15/mobile/delete.aspx]
/_layouts/mngsubwebs.aspx (Status: 302) [Size: 145] [--> /_layouts/15/mngsubwebs.aspx]
/_layouts/mngfield.aspx (Status: 302) [Size: 143] [--> /_layouts/15/mngfield.aspx]
/_layouts/mngsiteadmin.aspx (Status: 302) [Size: 147] [--> /_layouts/15/mngsiteadmin.aspx]
/_layouts/mobile/bloghome.aspx (Status: 302) [Size: 168] [--> http://10.10.10.59/_layouts/15/mobile/bloghome.aspx]
/_layouts/mngsubwebs.aspx?view=sites (Status: 302) [Size: 156] [--> /_layouts/15/mngsubwebs.aspx?view=sites]
/_layouts/mngctype.aspx (Status: 302) [Size: 143] [--> /_layouts/15/mngctype.aspx]
/_layouts/mobile/default.aspx (Status: 302) [Size: 167] [--> http://10.10.10.59/_layouts/15/mobile/default.aspx]
/_layouts/mobile/mbllogout.aspx (Status: 302) [Size: 169] [--> http://10.10.10.59/_layouts/15/mobile/mbllogout.aspx]
/_layouts/mobile/mbllogin.aspx (Status: 302) [Size: 168] [--> http://10.10.10.59/_layouts/15/mobile/mbllogin.aspx]
/_layouts/mobile/disppost.aspx (Status: 302) [Size: 168] [--> http://10.10.10.59/_layouts/15/mobile/disppost.aspx]
/_layouts/mobile/dispform.aspx (Status: 302) [Size: 168] [--> http://10.10.10.59/_layouts/15/mobile/dispform.aspx]
/_layouts/mngdisc.aspx (Status: 200) [Size: 8781]
/_layouts/mgrproperty.aspx (Status: 200) [Size: 8721]
/_layouts/mobile/viewcomment.aspx (Status: 302) [Size: 171] [--> http://10.10.10.59/_layouts/15/mobile/viewcomment.aspx]
/_layouts/mobile/newcomment.aspx (Status: 302) [Size: 170] [--> http://10.10.10.59/_layouts/15/mobile/newcomment.aspx]
/_layouts/mobile/newform.aspx (Status: 302) [Size: 167] [--> http://10.10.10.59/_layouts/15/mobile/newform.aspx]
/_layouts/mobile/mblerror.aspx (Status: 302) [Size: 168] [--> http://10.10.10.59/_layouts/15/mobile/mblerror.aspx]
/_layouts/mobile/newpost.aspx (Status: 302) [Size: 167] [--> http://10.10.10.59/_layouts/15/mobile/newpost.aspx]
/_layouts/mobile/editform.aspx (Status: 302) [Size: 168] [--> http://10.10.10.59/_layouts/15/mobile/editform.aspx]
/_layouts/mobile/mbllists.aspx (Status: 302) [Size: 168] [--> http://10.10.10.59/_layouts/15/mobile/mbllists.aspx]
/_layouts/mobile/view.aspx (Status: 302) [Size: 164] [--> http://10.10.10.59/_layouts/15/mobile/view.aspx]
/_layouts/modwrkflip.aspx (Status: 200) [Size: 8720]
/_layouts/mobile/mobileformserver.aspx (Status: 200) [Size: 8741]
/_layouts/mytasks.aspx (Status: 302) [Size: 142] [--> /_layouts/15/mytasks.aspx]
/_layouts/mysubs.aspx (Status: 302) [Size: 141] [--> /_layouts/15/mysubs.aspx]
/_layouts/mysite.aspx (Status: 200) [Size: 8716]
/_layouts/mymemberships.aspx (Status: 200) [Size: 8723]
/_layouts/mycontactlinks.aspx (Status: 200) [Size: 8724]
/_layouts/myquicklinks.aspx (Status: 200) [Size: 8722]
/_layouts/mysiteheader.aspx (Status: 200) [Size: 8722]
/_layouts/myinfo.aspx (Status: 200) [Size: 8716]
/_layouts/mtgredir.aspx (Status: 302) [Size: 143] [--> /_layouts/15/mtgredir.aspx]
/_layouts/mypage.aspx (Status: 200) [Size: 8716]
/_layouts/new.aspx    (Status: 302) [Size: 138] [--> /_layouts/15/new.aspx]
/_layouts/newnav.aspx (Status: 302) [Size: 141] [--> /_layouts/15/newnav.aspx]
/_layouts/newlink.aspx (Status: 302) [Size: 142] [--> /_layouts/15/newlink.aspx]
/_layouts/newgrp.aspx (Status: 302) [Size: 141] [--> /_layouts/15/newgrp.aspx]
/_layouts/newsbweb.aspx (Status: 302) [Size: 143] [--> /_layouts/15/newsbweb.aspx]
/_layouts/newmws.aspx (Status: 302) [Size: 141] [--> /_layouts/15/newmws.aspx]
/_layouts/newdwp.aspx (Status: 302) [Size: 141] [--> /_layouts/15/newdwp.aspx]
/_layouts/navoptions.aspx (Status: 302) [Size: 145] [--> /_layouts/15/navoptions.aspx]
/_layouts/osssearchresults.aspx (Status: 302) [Size: 151] [--> /_layouts/15/osssearchresults.aspx]
/_layouts/newpagelayout.aspx (Status: 200) [Size: 8723]
/_layouts/pageversioninfo.aspx (Status: 200) [Size: 8725]
/_layouts/officialfilesetup.aspx (Status: 200) [Size: 8727]
/_layouts/objectcachesettings.aspx (Status: 200) [Size: 8729]
/_layouts/nocrawlsettings.aspx (Status: 200) [Size: 8725]
/_layouts/newvariationsite.aspx (Status: 200) [Size: 8726]
/_layouts/newtranslationmanagement.aspx (Status: 200) [Size: 8734]
/_layouts/pagesettings.aspx (Status: 200) [Size: 8722]
/_layouts/officialfilesuccess.aspx (Status: 200) [Size: 8729]
/_layouts/password.aspx (Status: 302) [Size: 143] [--> /_layouts/15/password.aspx]
/_layouts/picker.aspx (Status: 302) [Size: 141] [--> /_layouts/15/picker.aspx]
/_layouts/people.aspx (Status: 302) [Size: 141] [--> /_layouts/15/people.aspx]
/_layouts/people.aspx?membershipgroupid=0 (Status: 302) [Size: 161] [--> /_layouts/15/people.aspx?membershipgroupid=0]
/_layouts/permsetup.aspx (Status: 302) [Size: 144] [--> /_layouts/15/permsetup.aspx]
/_layouts/pickertreeview.aspx (Status: 200) [Size: 8724]
/_layouts/personalsites.aspx (Status: 200) [Size: 8723]
/_layouts/portalview.aspx (Status: 302) [Size: 145] [--> /_layouts/15/portalview.aspx]
/_layouts/portal.aspx (Status: 302) [Size: 141] [--> /_layouts/15/portal.aspx]
/_layouts/prjsetng.aspx (Status: 302) [Size: 143] [--> /_layouts/15/prjsetng.aspx]
/_layouts/profileredirect.aspx (Status: 302) [Size: 150] [--> /_layouts/15/profileredirect.aspx]
/_layouts/qlreord.aspx (Status: 302) [Size: 142] [--> /_layouts/15/qlreord.aspx]
/_layouts/publishback.aspx (Status: 302) [Size: 146] [--> /_layouts/15/publishback.aspx]
/_layouts/qstedit.aspx (Status: 302) [Size: 142] [--> /_layouts/15/qstedit.aspx]
/_layouts/qstnew.aspx (Status: 302) [Size: 141] [--> /_layouts/15/qstnew.aspx]
/_layouts/quiklnch.aspx (Status: 302) [Size: 143] [--> /_layouts/15/quiklnch.aspx]
/_layouts/redirect.aspx (Status: 302) [Size: 143] [--> /_layouts/15/redirect.aspx]
/_layouts/recyclebin.aspx (Status: 302) [Size: 145] [--> /_layouts/15/recyclebin.aspx]
/_layouts/rcxform.aspx (Status: 302) [Size: 142] [--> /_layouts/15/rcxform.aspx]
/_layouts/reghost.aspx (Status: 302) [Size: 142] [--> /_layouts/15/reghost.aspx]
/_layouts/regionalsetng.aspx (Status: 302) [Size: 148] [--> /_layouts/15/regionalsetng.aspx]
/_layouts/reorder.aspx (Status: 302) [Size: 142] [--> /_layouts/15/reorder.aspx]
/_layouts/remwrkfl.aspx (Status: 302) [Size: 143] [--> /_layouts/15/remwrkfl.aspx]
/_layouts/reqacc.aspx (Status: 302) [Size: 141] [--> /_layouts/15/reqacc.aspx]
/_layouts/reqfeatures.aspx (Status: 302) [Size: 146] [--> /_layouts/15/reqfeatures.aspx]
/_layouts/reqgroupconfirm.aspx (Status: 302) [Size: 150] [--> /_layouts/15/reqgroupconfirm.aspx]
/_layouts/reqgroup.aspx (Status: 302) [Size: 143] [--> /_layouts/15/reqgroup.aspx]
/_layouts/rfpxform.aspx (Status: 302) [Size: 143] [--> /_layouts/15/rfpxform.aspx]
/_layouts/rfcxform.aspx (Status: 302) [Size: 143] [--> /_layouts/15/rfcxform.aspx]
/_layouts/rssxslt.aspx (Status: 302) [Size: 142] [--> /_layouts/15/rssxslt.aspx]
/_layouts/role.aspx   (Status: 302) [Size: 139] [--> /_layouts/15/role.aspx]
/_layouts/rtedialog.aspx (Status: 302) [Size: 144] [--> /_layouts/15/rtedialog.aspx]
/_layouts/reusabletextpicker.aspx (Status: 200) [Size: 8728]
/_layouts/rte2pueditor.aspx (Status: 200) [Size: 8722]
/_layouts/rte2etable.aspx (Status: 200) [Size: 8720]
/_layouts/renderudc.aspx (Status: 200) [Size: 8719]
/_layouts/rte2erowcolsize.aspx (Status: 200) [Size: 8725]
/_layouts/rellinksscopesettings.aspx (Status: 200) [Size: 8731]
/_layouts/resolverecipient.aspx (Status: 200) [Size: 8726]
/_layouts/reporting.aspx (Status: 200) [Size: 8719]
/_layouts/savetmpl.aspx (Status: 302) [Size: 143] [--> /_layouts/15/savetmpl.aspx]
/_layouts/scsignup.aspx (Status: 302) [Size: 143] [--> /_layouts/15/scsignup.aspx]
/_layouts/scope.aspx  (Status: 302) [Size: 140] [--> /_layouts/15/scope.aspx]
/_layouts/scopedisplaygroup.aspx (Status: 302) [Size: 152] [--> /_layouts/15/scopedisplaygroup.aspx]
/_layouts/searchresults.aspx (Status: 302) [Size: 148] [--> /_layouts/15/searchresults.aspx]
/_layouts/selectcrawledproperty.aspx (Status: 302) [Size: 156] [--> /_layouts/15/selectcrawledproperty.aspx]
/_layouts/selectmanagedproperty.aspx (Status: 302) [Size: 156] [--> /_layouts/15/selectmanagedproperty.aspx]
/_layouts/searchresultremoval.aspx (Status: 200) [Size: 8729]
/_layouts/schema.aspx (Status: 200) [Size: 8716]
/_layouts/runreport.aspx (Status: 200) [Size: 8719]
/_layouts/rte2ecell.aspx (Status: 200) [Size: 8719]
/_layouts/searchandaddtohold.aspx (Status: 200) [Size: 8728]
/_layouts/searchreset.aspx (Status: 200) [Size: 8721]
/_layouts/setanon.aspx (Status: 302) [Size: 142] [--> /_layouts/15/setanon.aspx]
/_layouts/setrqacc.aspx (Status: 302) [Size: 143] [--> /_layouts/15/setrqacc.aspx]
/_layouts/settings.aspx (Status: 302) [Size: 143] [--> /_layouts/15/settings.aspx]
/_layouts/selectpicture.aspx (Status: 200) [Size: 8723]
/_layouts/selectpicture2.aspx (Status: 200) [Size: 8724]
/_layouts/selectuser.aspx (Status: 200) [Size: 8720]
/_layouts/searchsspsettings.aspx (Status: 200) [Size: 8727]
/_layouts/setimport.aspx (Status: 200) [Size: 8719]
/_layouts/signout.aspx (Status: 302) [Size: 142] [--> /_layouts/15/signout.aspx]
/_layouts/signaturedetailsloader.formserver.aspx (Status: 200) [Size: 8743]
/_layouts/sitecachesettings.aspx (Status: 200) [Size: 8727]
/_layouts/sitemanager.aspx (Status: 200) [Size: 8721]
/_layouts/signature.formserver.aspx (Status: 200) [Size: 8730]
/_layouts/signaturedetails.formserver.aspx (Status: 200) [Size: 8737]
/_layouts/signatureeula.formserver.aspx (Status: 200) [Size: 8734]
/_layouts/siterss.aspx (Status: 302) [Size: 142] [--> /_layouts/15/siterss.aspx]
/_layouts/signaturedetailspngloader.formserver.aspx (Status: 200) [Size: 8746]
/_layouts/sendtoofficialfile.aspx (Status: 401) [Size: 16]
/_layouts/sitedirectorysettings.aspx (Status: 200) [Size: 8731]
/_layouts/sitemanager.aspx?lro=all (Status: 200) [Size: 8729]
/_layouts/sitesubs.aspx (Status: 302) [Size: 143] [--> /_layouts/15/sitesubs.aspx]
/_layouts/spcontnt.aspx (Status: 302) [Size: 143] [--> /_layouts/15/spcontnt.aspx]
/_layouts/spcf.aspx   (Status: 302) [Size: 139] [--> /_layouts/15/spcf.aspx]
/_layouts/spsredirect.aspx (Status: 200) [Size: 8721]
/_layouts/spusageconfig.aspx (Status: 200) [Size: 8723]
/_layouts/spellchecker.aspx (Status: 200) [Size: 8722]
/_layouts/spnewdashboard.aspx (Status: 200) [Size: 8724]
/_layouts/slnew.aspx  (Status: 200) [Size: 8715]
/_layouts/smtcommentsdialog.aspx (Status: 200) [Size: 8727]
/_layouts/sledit.aspx (Status: 200) [Size: 8716]
/_layouts/spusagesite.aspx (Status: 200) [Size: 8721]
/_layouts/spusagesitehomepage.aspx (Status: 200) [Size: 8729]
/_layouts/spusagesiteclickthroughs.aspx (Status: 200) [Size: 8734]
/_layouts/spusagesitetoppages.aspx (Status: 200) [Size: 8729]
/_layouts/spusagesitereferrers.aspx (Status: 200) [Size: 8730]
/_layouts/spusagesspsearchqueries.aspx (Status: 200) [Size: 8733]
/_layouts/spusagesspsearchresults.aspx (Status: 200) [Size: 8733]
/_layouts/spusageweb.aspx (Status: 200) [Size: 8720]
/_layouts/spusagesitesearchqueries.aspx (Status: 200) [Size: 8734]
/_layouts/spusagewebclickthroughs.aspx (Status: 200) [Size: 8733]
/_layouts/spusagesiteusers.aspx (Status: 200) [Size: 8726]
/_layouts/spusagesitesearchresults.aspx (Status: 200) [Size: 8734]
/_layouts/ssologon.aspx (Status: 200) [Size: 8718]
/_layouts/srchrss.aspx (Status: 302) [Size: 142] [--> /_layouts/15/srchrss.aspx]
/_layouts/subchoos.aspx (Status: 302) [Size: 143] [--> /_layouts/15/subchoos.aspx]
/_layouts/storman.aspx (Status: 302) [Size: 142] [--> /_layouts/15/storman.aspx]
/_layouts/subedit.aspx (Status: 302) [Size: 142] [--> /_layouts/15/subedit.aspx]
/_layouts/srchvis.aspx (Status: 302) [Size: 142] [--> /_layouts/15/srchvis.aspx]
/_layouts/spusagewebhomepage.aspx (Status: 200) [Size: 8728]
/_layouts/spusagewebreferrers.aspx (Status: 200) [Size: 8729]
/_layouts/spusagewebusers.aspx (Status: 200) [Size: 8725]
/_layouts/submitrepair.aspx (Status: 302) [Size: 147] [--> /_layouts/15/submitrepair.aspx]
/_layouts/spusagewebtoppages.aspx (Status: 200) [Size: 8728]
/_layouts/templatepick.aspx (Status: 302) [Size: 147] [--> /_layouts/15/templatepick.aspx]
/_layouts/subnew.aspx (Status: 302) [Size: 141] [--> /_layouts/15/subnew.aspx]
/_layouts/themeweb.aspx (Status: 302) [Size: 143] [--> /_layouts/15/themeweb.aspx]
/_layouts/toolpane.aspx (Status: 302) [Size: 143] [--> /_layouts/15/toolpane.aspx]
/_layouts/tnreord.aspx (Status: 302) [Size: 142] [--> /_layouts/15/tnreord.aspx]
/_layouts/survedit.aspx (Status: 302) [Size: 143] [--> /_layouts/15/survedit.aspx]
/_layouts/topnav.aspx (Status: 302) [Size: 141] [--> /_layouts/15/topnav.aspx]
/_layouts/success.aspx (Status: 302) [Size: 142] [--> /_layouts/15/success.aspx]
/_layouts/translatablesettings.aspx (Status: 200) [Size: 8730]
/_layouts/unapprovedresources.aspx (Status: 200) [Size: 8729]
/_layouts/user.aspx   (Status: 302) [Size: 139] [--> /_layouts/15/user.aspx]
/_layouts/updatecopies.aspx (Status: 302) [Size: 147] [--> /_layouts/15/updatecopies.aspx]
/_layouts/upload.aspx (Status: 302) [Size: 141] [--> /_layouts/15/upload.aspx]
/_layouts/usagedetails.aspx (Status: 302) [Size: 147] [--> /_layouts/15/usagedetails.aspx]
/_layouts/useconfirmation.aspx (Status: 302) [Size: 150] [--> /_layouts/15/useconfirmation.aspx]
/_layouts/usage.aspx  (Status: 302) [Size: 140] [--> /_layouts/15/usage.aspx]
/_layouts/useredit.aspx (Status: 302) [Size: 143] [--> /_layouts/15/useredit.aspx]
/_layouts/userdisp.aspx?id=1 (Status: 302) [Size: 148] [--> /_layouts/15/userdisp.aspx?id=1]
/_layouts/userdisp.aspx (Status: 302) [Size: 143] [--> /_layouts/15/userdisp.aspx]
/_layouts/useredit.aspx?id=1&source=%2f%5flayouts%2fpeople%2easpx (Status: 302) [Size: 189] [--> /_layouts/15/useredit.aspx?id=1&source=%2f%5flayouts%2fpeople%2easpx]
/_layouts/variationlabels.aspx (Status: 200) [Size: 8725]
/_layouts/variationlabel.aspx (Status: 200) [Size: 8724]
/_layouts/versiondiff.aspx (Status: 302) [Size: 146] [--> /_layouts/15/versiondiff.aspx]
/_layouts/variationsettings.aspx (Status: 200) [Size: 8727]
/_layouts/updateschedule.aspx (Status: 200) [Size: 8724]
/_layouts/variationlogs.aspx (Status: 200) [Size: 8723]
/_layouts/variations/variationimport.aspx (Status: 200) [Size: 8744]
/_layouts/versions.aspx (Status: 302) [Size: 143] [--> /_layouts/15/versions.aspx]
/_layouts/viewlsts.aspx (Status: 302) [Size: 143] [--> /_layouts/15/viewlsts.aspx]
/_layouts/viewgrouppermissions.aspx (Status: 302) [Size: 155] [--> /_layouts/15/viewgrouppermissions.aspx]
/_layouts/viewedit.aspx (Status: 302) [Size: 143] [--> /_layouts/15/viewedit.aspx]
/_layouts/variationexport.aspx (Status: 200) [Size: 8725]
/_layouts/webpartgallerypickerpage.aspx (Status: 302) [Size: 159] [--> /_layouts/15/webpartgallerypickerpage.aspx]
/_layouts/viewnew.aspx (Status: 302) [Size: 142] [--> /_layouts/15/viewnew.aspx]
/_layouts/viewtype.aspx (Status: 302) [Size: 143] [--> /_layouts/15/viewtype.aspx]
/_layouts/webdeleted.aspx (Status: 302) [Size: 145] [--> /_layouts/15/webdeleted.aspx]
/_layouts/vsubwebs.aspx (Status: 302) [Size: 143] [--> /_layouts/15/vsubwebs.aspx]
/_layouts/viewscopesettings.aspx (Status: 302) [Size: 152] [--> /_layouts/15/viewscopesettings.aspx]
/_layouts/workspce.aspx (Status: 302) [Size: 143] [--> /_layouts/15/workspce.aspx]
/_layouts/workflow.aspx (Status: 302) [Size: 143] [--> /_layouts/15/workflow.aspx]
/_layouts/wpeula.aspx (Status: 302) [Size: 141] [--> /_layouts/15/wpeula.aspx]
/_layouts/viewscopes.aspx (Status: 302) [Size: 145] [--> /_layouts/15/viewscopes.aspx]
/_layouts/wrkstat.aspx (Status: 302) [Size: 142] [--> /_layouts/15/wrkstat.aspx]
/_layouts/wpprevw.aspx (Status: 302) [Size: 142] [--> /_layouts/15/wpprevw.aspx]
/_layouts/wpprevw.aspx?id=247 (Status: 302) [Size: 149] [--> /_layouts/15/wpprevw.aspx?id=247]
/_layouts/zoombldr.aspx (Status: 302) [Size: 143] [--> /_layouts/15/zoombldr.aspx]
/_layouts/wrksetng.aspx (Status: 302) [Size: 143] [--> /_layouts/15/wrksetng.aspx]
/_layouts/wsrpmarkupproxy.aspx (Status: 200) [Size: 8725]
/_vti_aut             (Status: 500) [Size: 25]
/_vti_adm             (Status: 500) [Size: 25]
/_vti_bin             (Status: 301) [Size: 151] [--> http://10.10.10.59/_vti_bin/]
/_vti_adm/admin.asmx  (Status: 200) [Size: 8807]
/_vti_bin/_vti_adm/admin.dll (Status: 200) [Size: 207]
/_vti_bin/_vti_aut/author.dll (Status: 200) [Size: 207]
/_vti_bin/expurlwp.aspx (Status: 302) [Size: 222] [--> http://10.10.10.59/_layouts/15/error.aspx?ErrorText=Cannot%20get%20the%20parameters%20from%20the%20URL%2E]
/_vti_bin/owssvr.dll  (Status: 401) [Size: 16]
/_vti_bin/microsoft.sharepoint.xml (Status: 200) [Size: 5638613]
/_vti_bin/shtml.dll   (Status: 200) [Size: 240]
/_vti_bin/spdisco.aspx (Status: 200) [Size: 6160]
/_vti_bin/webpartpages.asmx (Status: 200) [Size: 8696]
/_vti_bin/versionswsdl.aspx (Status: 200) [Size: 9048]
/_vti_bin/versions.asmx (Status: 200) [Size: 3640]
/_vti_bin/views.asmx  (Status: 200) [Size: 4316]
/_vti_bin/viewsdisco.aspx (Status: 200) [Size: 731]
/_vti_bin/viewswsdl.aspx (Status: 200) [Size: 25088]
/_vti_inf.html        (Status: 200) [Size: 247]
/_vti_pvt             (Status: 301) [Size: 151] [--> http://10.10.10.59/_vti_pvt/]
/_wpresources         (Status: 301) [Size: 155] [--> http://10.10.10.59/_wpresources/]
/alerts.asmx          (Status: 200) [Size: 8791]
/app_browsers         (Status: 301) [Size: 155] [--> http://10.10.10.59/app_browsers/]
/app_globalresources  (Status: 301) [Size: 162] [--> http://10.10.10.59/app_globalresources/]
/aspnet_client        (Status: 301) [Size: 156] [--> http://10.10.10.59/aspnet_client/]
/areaservice.asmx     (Status: 200) [Size: 8796]
/bin                  (Status: 301) [Size: 146] [--> http://10.10.10.59/bin/]
/docs/_layouts/viewlsts.aspx (Status: 302) [Size: 148] [--> /docs/_layouts/15/viewlsts.aspx]
/dspsts.asmx          (Status: 200) [Size: 8791]
/dws.asmx             (Status: 200) [Size: 8788]
/default.aspx         (Status: 200) [Size: 38709]
/forms.asmx           (Status: 200) [Size: 8790]
/imaging.asmx         (Status: 200) [Size: 8792]
/lists.asmx           (Status: 200) [Size: 8790]
/meetings.asmx        (Status: 200) [Size: 8793]
/mysite/_layouts/mysite.aspx (Status: 200) [Size: 8716]
/news/_layouts/viewlsts.aspx (Status: 302) [Size: 148] [--> /news/_layouts/15/viewlsts.aspx]
/outlookadapter.asmx  (Status: 200) [Size: 8799]
/permissions.asmx     (Status: 200) [Size: 8796]
/searchcenter/_layouts/viewlsts.aspx (Status: 302) [Size: 156] [--> /searchcenter/_layouts/15/viewlsts.aspx]
/search.asmx          (Status: 200) [Size: 8791]
/sitedirectory/_layouts/viewlsts.aspx (Status: 302) [Size: 157] [--> /sitedirectory/_layouts/15/viewlsts.aspx]
/sitedata.asmx        (Status: 200) [Size: 8793]
/sites.asmx           (Status: 200) [Size: 8790]
/shared documents/forms/allitems.aspx (Status: 200) [Size: 60293]
/spscrawl.asmx        (Status: 200) [Size: 8793]
/usergroup.asmx       (Status: 200) [Size: 8794]
/userprofileservice.asmx (Status: 200) [Size: 8803]
/versions.asmx        (Status: 200) [Size: 8793]
/views.asmx           (Status: 200) [Size: 8790]
/webpartpages.asmx    (Status: 200) [Size: 8797]
/webs.asmx            (Status: 200) [Size: 8789]
/wpresources          (Status: 301) [Size: 154] [--> http://10.10.10.59/wpresources/]
