/img                  (Status: 301) [Size: 314] [--> http://10.10.10.165/img/]
/icons                (Status: 301) [Size: 314] [--> http://10.10.10.165/icons/]
/css                  (Status: 301) [Size: 314] [--> http://10.10.10.165/css/]
/lib                  (Status: 301) [Size: 314] [--> http://10.10.10.165/lib/]
/js                   (Status: 301) [Size: 314] [--> http://10.10.10.165/js/]
/%20                  (Status: 501) [Size: 310]
/video games          (Status: 501) [Size: 310]
/spyware doctor       (Status: 501) [Size: 310]
/4%20Color%2099%20IT2 (Status: 501) [Size: 310]
/nero 7               (Status: 501) [Size: 310]
/cell phones          (Status: 501) [Size: 310]
/long distance        (Status: 501) [Size: 310]
/cable tv             (Status: 501) [Size: 310]
/windows xp           (Status: 501) [Size: 310]
/DVD Tools            (Status: 501) [Size: 310]
/Michael Jackson - Thriller (Status: 501) [Size: 310]
/Fall Out Boy - From Under The Cork Tree (Status: 501) [Size: 310]
/Battlefield 2142     (Status: 501) [Size: 310]
/any dvd              (Status: 501) [Size: 310]
/System Tools         (Status: 501) [Size: 310]
/MSNBC%20Interactive  (Status: 501) [Size: 310]
/Il Divo - Siempre    (Status: 501) [Size: 310]
/The Beatles - Love   (Status: 501) [Size: 310]
/Akon - Konvicted     (Status: 501) [Size: 310]
/Razorlight - Razorlight (Status: 501) [Size: 310]
/Guns N Roses - Appetite for Destruction (Status: 501) [Size: 310]
/Westlife - The Love Album (Status: 501) [Size: 310]
/Justin Timberlake - FutureSexyLoveSounds (Status: 501) [Size: 310]
/ABBA - 15 albums     (Status: 501) [Size: 310]
/The Beatles - Abbey Road (Status: 501) [Size: 310]
/Paolo Nutini - These Streets (Status: 501) [Size: 310]
/Outside Out          (Status: 501) [Size: 310]
/The Kooks - Inside In (Status: 501) [Size: 310]
/Oasis - 'Definitely Maybe' (Status: 501) [Size: 310]
/Most Popular Games   (Status: 501) [Size: 310]
/Tom and Jerry - Full Collection (Status: 501) [Size: 310]
/All popular movies 2006 (Status: 501) [Size: 310]
/Dreamland 2006       (Status: 501) [Size: 310]
/Online TV Player     (Status: 501) [Size: 310]
/PowerArchiver 2006   (Status: 501) [Size: 310]
/Picture%201          (Status: 501) [Size: 310]
/3 Popular Music Videos (Status: 501) [Size: 310]
/Privacy%20Policy     (Status: 501) [Size: 310]
/graphic design       (Status: 501) [Size: 310]
/MSNBC10%20section%20front%20headers (Status: 501) [Size: 310]
