Administrator
Guest
krbtgt
audit2020
support
BLACKFIELD764430
BLACKFIELD538365
BLACKFIELD189208
BLACKFIELD404458
BLACKFIELD706381
BLACKFIELD937395
BLACKFIELD553715
BLACKFIELD840481
BLACKFIELD622501
BLACKFIELD787464
BLACKFIELD163183
BLACKFIELD869335
BLACKFIELD319016
BLACKFIELD600999
BLACKFIELD894905
BLACKFIELD253541
BLACKFIELD175204
BLACKFIELD727512
BLACKFIELD227380
BLACKFIELD251003
BLACKFIELD129328
BLACKFIELD616527
BLACKFIELD533551
BLACKFIELD883784
BLACKFIELD908329
BLACKFIELD601590
BLACKFIELD573498
BLACKFIELD290325
BLACKFIELD775986
BLACKFIELD348433
BLACKFIELD196444
BLACKFIELD137694
BLACKFIELD533886
BLACKFIELD268320
BLACKFIELD909590
BLACKFIELD136813
BLACKFIELD358090
BLACKFIELD561870
BLACKFIELD269538
BLACKFIELD169035
BLACKFIELD118321
BLACKFIELD592556
BLACKFIELD618519
BLACKFIELD329802
BLACKFIELD753480
BLACKFIELD837541
BLACKFIELD186980
BLACKFIELD419600
BLACKFIELD220786
BLACKFIELD767820
BLACKFIELD549571
BLACKFIELD411740
BLACKFIELD768095
BLACKFIELD835725
BLACKFIELD251977
BLACKFIELD430864
BLACKFIELD413242
BLACKFIELD464763
BLACKFIELD266096
BLACKFIELD334058
BLACKFIELD404213
BLACKFIELD219324
BLACKFIELD412798
BLACKFIELD441593
BLACKFIELD606328
BLACKFIELD796301
BLACKFIELD415829
BLACKFIELD820995
BLACKFIELD695166
BLACKFIELD759042
BLACKFIELD607290
BLACKFIELD229506
BLACKFIELD256791
BLACKFIELD997545
BLACKFIELD114762
BLACKFIELD321206
BLACKFIELD195757
BLACKFIELD877328
BLACKFIELD446463
BLACKFIELD579980
BLACKFIELD775126
BLACKFIELD429587
BLACKFIELD534956
BLACKFIELD315276
BLACKFIELD995218
BLACKFIELD843883
BLACKFIELD876916
BLACKFIELD382769
BLACKFIELD194732
BLACKFIELD191416
BLACKFIELD932709
BLACKFIELD546640
BLACKFIELD569313
BLACKFIELD744790
BLACKFIELD739659
BLACKFIELD926559
BLACKFIELD969352
BLACKFIELD253047
BLACKFIELD899433
BLACKFIELD606964
BLACKFIELD385719
BLACKFIELD838710
BLACKFIELD608914
BLACKFIELD569653
BLACKFIELD759079
BLACKFIELD488531
BLACKFIELD160610
BLACKFIELD586934
BLACKFIELD819822
BLACKFIELD739765
BLACKFIELD875008
BLACKFIELD441759
BLACKFIELD763893
BLACKFIELD713470
BLACKFIELD131771
BLACKFIELD793029
BLACKFIELD694429
BLACKFIELD802251
BLACKFIELD602567
BLACKFIELD328983
BLACKFIELD990638
BLACKFIELD350809
BLACKFIELD405242
BLACKFIELD267457
BLACKFIELD686428
BLACKFIELD478828
BLACKFIELD129387
BLACKFIELD544934
BLACKFIELD115148
BLACKFIELD753537
BLACKFIELD416532
BLACKFIELD680939
BLACKFIELD732035
BLACKFIELD522135
BLACKFIELD773423
BLACKFIELD371669
BLACKFIELD252379
BLACKFIELD828826
BLACKFIELD548394
BLACKFIELD611993
BLACKFIELD192642
BLACKFIELD106360
BLACKFIELD939243
BLACKFIELD230515
BLACKFIELD774376
BLACKFIELD576233
BLACKFIELD676303
BLACKFIELD673073
BLACKFIELD558867
BLACKFIELD184482
BLACKFIELD724669
BLACKFIELD765350
BLACKFIELD411132
BLACKFIELD128775
BLACKFIELD704154
BLACKFIELD107197
BLACKFIELD994577
BLACKFIELD683323
BLACKFIELD433476
BLACKFIELD644281
BLACKFIELD195953
BLACKFIELD868068
BLACKFIELD690642
BLACKFIELD465267
BLACKFIELD199889
BLACKFIELD468839
BLACKFIELD348835
BLACKFIELD624385
BLACKFIELD818863
BLACKFIELD939200
BLACKFIELD135990
BLACKFIELD484290
BLACKFIELD898237
BLACKFIELD773118
BLACKFIELD148067
BLACKFIELD390179
BLACKFIELD359278
BLACKFIELD375924
BLACKFIELD533060
BLACKFIELD534196
BLACKFIELD639103
BLACKFIELD933887
BLACKFIELD907614
BLACKFIELD991588
BLACKFIELD781404
BLACKFIELD787995
BLACKFIELD911926
BLACKFIELD146200
BLACKFIELD826622
BLACKFIELD171624
BLACKFIELD497216
BLACKFIELD839613
BLACKFIELD428532
BLACKFIELD697473
BLACKFIELD291678
BLACKFIELD623122
BLACKFIELD765982
BLACKFIELD701303
BLACKFIELD250576
BLACKFIELD971417
BLACKFIELD160820
BLACKFIELD385928
BLACKFIELD848660
BLACKFIELD682842
BLACKFIELD813266
BLACKFIELD274577
BLACKFIELD448641
BLACKFIELD318077
BLACKFIELD289513
BLACKFIELD336573
BLACKFIELD962495
BLACKFIELD566117
BLACKFIELD617630
BLACKFIELD717683
BLACKFIELD390192
BLACKFIELD652779
BLACKFIELD665997
BLACKFIELD998321
BLACKFIELD946509
BLACKFIELD228442
BLACKFIELD548464
BLACKFIELD586592
BLACKFIELD512331
BLACKFIELD609423
BLACKFIELD395725
BLACKFIELD438923
BLACKFIELD691480
BLACKFIELD236467
BLACKFIELD895235
BLACKFIELD788523
BLACKFIELD710285
BLACKFIELD357023
BLACKFIELD362337
BLACKFIELD651599
BLACKFIELD579344
BLACKFIELD859776
BLACKFIELD789969
BLACKFIELD356727
BLACKFIELD962999
BLACKFIELD201655
BLACKFIELD635996
BLACKFIELD478410
BLACKFIELD518316
BLACKFIELD202900
BLACKFIELD767498
BLACKFIELD103974
BLACKFIELD135403
BLACKFIELD112766
BLACKFIELD978938
BLACKFIELD871753
BLACKFIELD136203
BLACKFIELD634593
BLACKFIELD274367
BLACKFIELD520852
BLACKFIELD339143
BLACKFIELD684814
BLACKFIELD792484
BLACKFIELD802875
BLACKFIELD383108
BLACKFIELD318250
BLACKFIELD496547
BLACKFIELD219914
BLACKFIELD454313
BLACKFIELD460131
BLACKFIELD613771
BLACKFIELD632329
BLACKFIELD402639
BLACKFIELD235930
BLACKFIELD246388
BLACKFIELD946435
BLACKFIELD739227
BLACKFIELD827906
BLACKFIELD198927
BLACKFIELD169876
BLACKFIELD150357
BLACKFIELD594619
BLACKFIELD274109
BLACKFIELD682949
BLACKFIELD316850
BLACKFIELD884808
BLACKFIELD327610
BLACKFIELD899238
BLACKFIELD184493
BLACKFIELD631162
BLACKFIELD591846
BLACKFIELD896715
BLACKFIELD500073
BLACKFIELD584113
BLACKFIELD204805
BLACKFIELD842593
BLACKFIELD397679
BLACKFIELD842438
BLACKFIELD286615
BLACKFIELD224839
BLACKFIELD631599
BLACKFIELD247450
BLACKFIELD290582
BLACKFIELD657263
BLACKFIELD314351
BLACKFIELD434395
BLACKFIELD410243
BLACKFIELD307633
BLACKFIELD758945
BLACKFIELD541148
BLACKFIELD532412
BLACKFIELD996878
BLACKFIELD653097
BLACKFIELD438814
svc_backup
lydericlefebvre
