/.html (Status: 403)
/.html.php (Status: 403)
/index.php (Status: 200)
/.htm (Status: 403)
/.htm.php (Status: 403)
/profile (Status: 301)
/include (Status: 301)
/register.php (Status: 200)
/img (Status: 301)
/contact.php (Status: 200)
/LICENSE (Status: 200)
/home.php (Status: 200)
/upload (Status: 301)
/upload.php (Status: 200)
/about.php (Status: 200)
/webalizer (Status: 403)
/feedback.php (Status: 200)
/edit.php (Status: 200)
/. (Status: 200)
/phpmyadmin (Status: 403)
/.htaccess (Status: 403)
/.htaccess.php (Status: 403)
/license (Status: 200)
/Packages.php (Status: 200)
/Register.php (Status: 200)
/packages.php (Status: 200)
/Home.php (Status: 200)
/Contact.php (Status: 200)
/up.php (Status: 200)
/Include (Status: 301)
/Upload (Status: 301)
/Upload.php (Status: 200)
/Profile (Status: 301)
