# 2021.05.13 22:00:35 PDT
#Embedded file name: backup.py
#import paramiko
username = 'shelby'
host = 'wall.htb'
port = 22
#transport = paramiko.Transport((host, port))
password = ''
password += chr(ord('S'))
password += chr(ord('h'))
password += chr(ord('e'))
password += chr(ord('l'))
password += chr(ord('b'))
password += chr(ord('y'))
password += chr(ord('P'))
password += chr(ord('a'))
password += chr(ord('s'))
password += chr(ord('s'))
password += chr(ord('w'))
password += chr(ord('@'))
password += chr(ord('r'))
password += chr(ord('d'))
password += chr(ord('I'))
password += chr(ord('s'))
password += chr(ord('S'))
password += chr(ord('t'))
password += chr(ord('r'))
password += chr(ord('o'))
password += chr(ord('n'))
password += chr(ord('g'))
password += chr(ord('!'))

print(password)
#transport.connect(username=username, password=password)
#sftp_client = paramiko.SFTPClient.from_transport(transport)
#sftp_client.put('/var/www/html.zip', 'html.zip')
#print '[+] Done !'
#+++ okay decompyling backup 
# decompiled 1 files: 1 okay, 0 failed, 0 verify failed
# 2021.05.13 22:00:35 PDT
