/.html                (Status: 403) [Size: 276]
/.php                 (Status: 403) [Size: 276]
/.html.php            (Status: 403) [Size: 276]
/admin.php            (Status: 200) [Size: 2633]
/index.php            (Status: 200) [Size: 2117]
/images               (Status: 301) [Size: 311] [--> http://academy.htb/images/]
/register.php         (Status: 200) [Size: 3003]
/.htm                 (Status: 403) [Size: 276]
/.htm.php             (Status: 403) [Size: 276]
/config.php           (Status: 200) [Size: 0]
/home.php             (Status: 302) [Size: 55034] [--> login.php]
/login.php            (Status: 200) [Size: 2627]
/.                    (Status: 200) [Size: 2117]
/.htaccess            (Status: 403) [Size: 276]
/.htaccess.php        (Status: 403) [Size: 276]
/.phtml               (Status: 403) [Size: 276]
/.htc                 (Status: 403) [Size: 276]
/.htc.php             (Status: 403) [Size: 276]
/.html_var_DE         (Status: 403) [Size: 276]
/.html_var_DE.php     (Status: 403) [Size: 276]
/server-status        (Status: 403) [Size: 276]
/.htpasswd            (Status: 403) [Size: 276]
/.htpasswd.php        (Status: 403) [Size: 276]
/.html..php           (Status: 403) [Size: 276]
/.html.               (Status: 403) [Size: 276]
/.html.html           (Status: 403) [Size: 276]
/.html.html.php       (Status: 403) [Size: 276]
/.htpasswds           (Status: 403) [Size: 276]
/.htpasswds.php       (Status: 403) [Size: 276]
/.htm.                (Status: 403) [Size: 276]
/.htm..php            (Status: 403) [Size: 276]
/.htmll               (Status: 403) [Size: 276]
/.phps                (Status: 403) [Size: 276]
/.htmll.php           (Status: 403) [Size: 276]
/.html.old            (Status: 403) [Size: 276]
/.html.old.php        (Status: 403) [Size: 276]
/.ht                  (Status: 403) [Size: 276]
/.html.bak            (Status: 403) [Size: 276]
/.ht.php              (Status: 403) [Size: 276]
/.html.bak.php        (Status: 403) [Size: 276]
/.htm.htm             (Status: 403) [Size: 276]
/.htm.htm.php         (Status: 403) [Size: 276]
/.hta                 (Status: 403) [Size: 276]
/.htgroup.php         (Status: 403) [Size: 276]
/.html1               (Status: 403) [Size: 276]
/.hta.php             (Status: 403) [Size: 276]
/.htgroup             (Status: 403) [Size: 276]
/.html1.php           (Status: 403) [Size: 276]
/.html.LCK            (Status: 403) [Size: 276]
/.html.printable.php  (Status: 403) [Size: 276]
/.html.LCK.php        (Status: 403) [Size: 276]
/.html.printable      (Status: 403) [Size: 276]
/.htm.LCK             (Status: 403) [Size: 276]
/.htm.LCK.php         (Status: 403) [Size: 276]
/.htaccess.bak        (Status: 403) [Size: 276]
/.html.php            (Status: 403) [Size: 276]
/.htmls               (Status: 403) [Size: 276]
/.htx                 (Status: 403) [Size: 276]
/.htaccess.bak.php    (Status: 403) [Size: 276]
/.html.php.php        (Status: 403) [Size: 276]
/.htmls.php           (Status: 403) [Size: 276]
/.htx.php             (Status: 403) [Size: 276]
/.htm2                (Status: 403) [Size: 276]
/.htlm                (Status: 403) [Size: 276]
/.htuser              (Status: 403) [Size: 276]
/.html-.php           (Status: 403) [Size: 276]
/.html-               (Status: 403) [Size: 276]
/.htlm.php            (Status: 403) [Size: 276]
/.htm2.php            (Status: 403) [Size: 276]
/.htuser.php          (Status: 403) [Size: 276]
