January
January2019
January2020
February
February2019
February2020
days
days2019
days2020
March
March2019
March2020
April
April2019
April2020
May
May2019
May2020
June
June2019
June2020
July
July2019
July2020
August
August2019
August2020
September
September2019
September2020
October
October2019
October2020
November
November2019
November2020
December
December2019
December2020
Winter
Winter2019
Winter2020
Spring
Spring2019
Spring2020
Summer
Summer2019
Summer2020
Fall
Fall2019
Fall2020
password
P@ssw0rd
P@ssw0rd2019
P@ssw0rd2020
passw0rd
passw0rd2019
passw0rd2020
Passw0rd!
Passw0rd!2019
Passw0rd!2020
