oot@kali:~/htb/granny# gobuster dir  -w /usr/share/dirbuster/wordlists/directory-list-2.3-medium.txt -t 20 -u 10.10.10.15
===============================================================
Gobuster v3.0.1
by OJ Reeves (@TheColonial) & Christian Mehlmauer (@_FireFart_)
===============================================================
[+] Url:            http://10.10.10.15
[+] Threads:        20
[+] Wordlist:       /usr/share/dirbuster/wordlists/directory-list-2.3-medium.txt
[+] Status codes:   200,204,301,302,307,401,403
[+] User Agent:     gobuster/3.0.1
[+] Timeout:        10s
===============================================================
2020/01/12 22:33:48 Starting gobuster
===============================================================
/images (Status: 301)
/Images (Status: 301)
/IMAGES (Status: 301)
/_private (Status: 301)
===============================================================
2020/01/12 22:52:33 Finished
===============================================================
